
> energy.consumption@2.7.1 build
> next build

▲ Next.js 16.1.3 (Turbopack)
- Environments: .env.local

  Creating an optimized production build ...
Error: Cannot apply unknown utility class `h1`
    [2m[at onInvalidCandidate (/home/cda/dev/playground/energy.consumption/node_modules/tailwindcss/dist/lib.js:21:1511)][0m
    [2m[at Te (/home/cda/dev/playground/energy.consumption/node_modules/tailwindcss/dist/lib.js:16:36326)][0m
    [2m[at /home/cda/dev/playground/energy.consumption/node_modules/tailwindcss/dist/lib.js:21:355][0m
    [2m[at Rr (/home/cda/dev/playground/energy.consumption/node_modules/tailwindcss/dist/lib.js:3:1718)][0m
    [2m[at _ (/home/cda/dev/playground/energy.consumption/node_modules/tailwindcss/dist/lib.js:3:1377)][0m
    [2m[at $e (/home/cda/dev/playground/energy.consumption/node_modules/tailwindcss/dist/lib.js:21:172)][0m
    [2m[at un (/home/cda/dev/playground/energy.consumption/node_modules/tailwindcss/dist/lib.js:38:294)][0m
    [2m[at async cn (/home/cda/dev/playground/energy.consumption/node_modules/tailwindcss/dist/lib.js:38:631)][0m
    [2m[at async Xr (/home/cda/dev/playground/energy.consumption/node_modules/@tailwindcss/node/dist/index.js:10:3417)][0m
    [2m[at async I (/home/cda/dev/playground/energy.consumption/node_modules/@tailwindcss/postcss/dist/index.js:10:3977)][0m

> Build error occurred
Error: Turbopack build failed with 2 errors:
./src/app/layout/globals.css
Error evaluating Node.js code
CssSyntaxError: tailwindcss: /home/cda/dev/playground/energy.consumption/src/app/layout/globals.css:1:1: Cannot apply unknown utility class `h1`
    at Input.error (node_modules/postcss/lib/input.js:135:16) [/home/cda/dev/playground/energy.consumption/.next/build/chunks/node_modules_fe693df6._.js:4651:22]
    at Root.error (node_modules/postcss/lib/node.js:146:32) [/home/cda/dev/playground/energy.consumption/.next/build/chunks/node_modules_fe693df6._.js:928:38]
    [at Object.Once (/home/cda/dev/playground/energy.consumption/node_modules/@tailwindcss/postcss/dist/index.js:10:6911)]
    at async LazyResult.runAsync (node_modules/postcss/lib/lazy-result.js:293:11) [/home/cda/dev/playground/energy.consumption/.next/build/chunks/node_modules_fe693df6._.js:6206:21]
    at async transform (turbopack:///[turbopack-node]/transforms/postcss.ts:70:34) [/home/cda/dev/playground/energy.consumption/.next/build/chunks/[root-of-the-server]__51225daf._.js:146:36]
    at async run (turbopack:///[turbopack-node]/ipc/evaluate.ts:92:23) [/home/cda/dev/playground/energy.consumption/.next/build/chunks/[root-of-the-server]__974941ed._.js:443:31]

Import trace:
  Client Component Browser:
    ./src/app/layout/globals.css [Client Component Browser]
    ./src/app/layout.tsx [Server Component]


./src/app/layout/main.css
Error evaluating Node.js code
CssSyntaxError: tailwindcss: /home/cda/dev/playground/energy.consumption/src/app/layout/main.css:1:1: Cannot apply unknown utility class `h1`
    at Input.error (node_modules/postcss/lib/input.js:135:16) [/home/cda/dev/playground/energy.consumption/.next/build/chunks/node_modules_fe693df6._.js:4651:22]
    at Root.error (node_modules/postcss/lib/node.js:146:32) [/home/cda/dev/playground/energy.consumption/.next/build/chunks/node_modules_fe693df6._.js:928:38]
    [at Object.Once (/home/cda/dev/playground/energy.consumption/node_modules/@tailwindcss/postcss/dist/index.js:10:6911)]
    at async LazyResult.runAsync (node_modules/postcss/lib/lazy-result.js:293:11) [/home/cda/dev/playground/energy.consumption/.next/build/chunks/node_modules_fe693df6._.js:6206:21]
    at async transform (turbopack:///[turbopack-node]/transforms/postcss.ts:70:34) [/home/cda/dev/playground/energy.consumption/.next/build/chunks/[root-of-the-server]__51225daf._.js:146:36]
    at async run (turbopack:///[turbopack-node]/ipc/evaluate.ts:92:23) [/home/cda/dev/playground/energy.consumption/.next/build/chunks/[root-of-the-server]__974941ed._.js:443:31]

Import trace:
  Client Component Browser:
    ./src/app/layout/main.css [Client Component Browser]
    ./src/app/layout.tsx [Server Component]


    at async transform (turbopack:///[turbopack-node]/transforms/postcss.ts:70:34) [/home/cda/dev/playground/energy.consumption/.next/build/chunks/[root-of-the-server]__51225daf._.js:146:36])
    at async run (turbopack:///[turbopack-node]/ipc/evaluate.ts:92:23) [/home/cda/dev/playground/energy.consumption/.next/build/chunks/[root-of-the-server]__974941ed._.js:443:31])
    at async transform (turbopack:///[turbopack-node]/transforms/postcss.ts:70:34) [/home/cda/dev/playground/energy.consumption/.next/build/chunks/[root-of-the-server]__51225daf._.js:146:36])
    at async run (turbopack:///[turbopack-node]/ipc/evaluate.ts:92:23) [/home/cda/dev/playground/energy.consumption/.next/build/chunks/[root-of-the-server]__974941ed._.js:443:31])
